<?xml version="1.0" encoding="UTF-8"?>
<testsuite name="CodeSharingPlatformTest" tests="1" skipped="0" failures="1" errors="0" timestamp="2021-01-23T18:59:06" hostname="CRISTINA" time="5.751">
  <properties/>
  <testcase name="start" classname="CodeSharingPlatformTest" time="5.751">
    <failure message="java.lang.AssertionError: Wrong answer in test #1&#10;&#10;GET /code/new should respond with status code 200, responded: 500&#10;&#10;Response body:&#10;&#10;{&quot;timestamp&quot;:&quot;2021-01-23T18:59:12.267+00:00&quot;,&quot;status&quot;:500,&quot;error&quot;:&quot;Internal Server Error&quot;,&quot;message&quot;:&quot;&quot;,&quot;path&quot;:&quot;/code/new&quot;}&#10;&#10;Please find below the output of your program during this failed test.&#10;&#10;---&#10;&#10;&#10;  .   ____          _            __ _ _&#10; /\\ / ___'_ __ _ _(_)_ __  __ _ \ \ \ \&#10;( ( )\___ | '_ | '_| | '_ \/ _` | \ \ \ \&#10; \\/  ___)| |_)| | | | | || (_| |  ) ) ) )&#10;  '  |____| .__|_| |_|_| |_\__, | / / / /&#10; =========|_|==============|___/=/_/_/_/&#10; :: Spring Boot ::        (v2.3.3.RELEASE)&#10;&#10;2021-01-23 20:59:07.604  INFO 16144 --- [    Test worker] platform.CodeSharingPlatform             : Starting CodeSharingPlatform on Cristina with PID 16144 (started by Cristina T in C:\Users\Cristina T\IdeaProjects\Code Sharing Platform\Code Sharing Platform\task)&#10;2021-01-23 20:59:07.609  INFO 16144 --- [    Test worker] platform.CodeSharingPlatform             : No active profile set, falling back to default profiles: default&#10;2021-01-23 20:59:09.640  INFO 16144 --- [    Test worker] o.s.b.w.embedded.tomcat.TomcatWebServer  : Tomcat initialized with port(s): 8889 (http)&#10;2021-01-23 20:59:09.656  INFO 16144 --- [    Test worker] o.apache.catalina.core.StandardService   : Starting service [Tomcat]&#10;2021-01-23 20:59:09.657  INFO 16144 --- [    Test worker] org.apache.catalina.core.StandardEngine  : Starting Servlet engine: [Apache Tomcat/9.0.37]&#10;2021-01-23 20:59:09.827  INFO 16144 --- [    Test worker] o.a.c.c.C.[Tomcat].[localhost].[/]       : Initializing Spring embedded WebApplicationContext&#10;2021-01-23 20:59:09.827  INFO 16144 --- [    Test worker] w.s.c.ServletWebServerApplicationContext : Root WebApplicationContext: initialization completed in 2149 ms&#10;2021-01-23 20:59:10.471  INFO 16144 --- [    Test worker] o.s.s.concurrent.ThreadPoolTaskExecutor  : Initializing ExecutorService 'applicationTaskExecutor'&#10;2021-01-23 20:59:11.145  INFO 16144 --- [    Test worker] o.s.b.a.e.web.EndpointLinksResolver      : Exposing 14 endpoint(s) beneath base path '/actuator'&#10;2021-01-23 20:59:11.226  INFO 16144 --- [    Test worker] o.s.b.w.embedded.tomcat.TomcatWebServer  : Tomcat started on port(s): 8889 (http) with context path ''&#10;2021-01-23 20:59:11.248  INFO 16144 --- [    Test worker] platform.CodeSharingPlatform             : Started CodeSharingPlatform in 4.221 seconds (JVM running for 5.536)&#10;2021-01-23 20:59:12.137  INFO 16144 --- [nio-8889-exec-1] o.a.c.c.C.[Tomcat].[localhost].[/]       : Initializing Spring DispatcherServlet 'dispatcherServlet'&#10;2021-01-23 20:59:12.137  INFO 16144 --- [nio-8889-exec-1] o.s.web.servlet.DispatcherServlet        : Initializing Servlet 'dispatcherServlet'&#10;2021-01-23 20:59:12.148  INFO 16144 --- [nio-8889-exec-1] o.s.web.servlet.DispatcherServlet        : Completed initialization in 10 ms&#10;2021-01-23 20:59:12.232 ERROR 16144 --- [nio-8889-exec-1] o.a.c.c.C.[.[.[/].[dispatcherServlet]    : Servlet.service() for servlet [dispatcherServlet] in context with path [] threw exception [Request processing failed; nested exception is java.lang.IndexOutOfBoundsException: Index -1 out of bounds for length 0] with root cause&#10;&#10;java.lang.IndexOutOfBoundsException: Index -1 out of bounds for length 0&#10;&#9;at java.base/jdk.internal.util.Preconditions.outOfBounds(Preconditions.java:64) ~[na:na]&#10;&#9;at java.base/jdk.internal.util.Preconditions.outOfBoundsCheckIndex(Preconditions.java:70) ~[na:na]&#10;&#9;at java.base/jdk.internal.util.Preconditions.checkIndex(Preconditions.java:248) ~[na:na]&#10;&#9;at java.base/java.util.Objects.checkIndex(Objects.java:359) ~[na:na]&#10;&#9;at java.base/java.util.ArrayList.get(ArrayList.java:427) ~[na:na]&#10;&#9;at platform.CodeSharingPlatformController.getNewHTML(CodeSharingPlatformController.java:27) ~[main/:na]&#10;&#9;at java.base/jdk.internal.reflect.NativeMethodAccessorImpl.invoke0(Native Method) ~[na:na]&#10;&#9;at java.base/jdk.internal.reflect.NativeMethodAccessorImpl.invoke(NativeMethodAccessorImpl.java:64) ~[na:na]&#10;&#9;at java.base/jdk.internal.reflect.DelegatingMethodAccessorImpl.invoke(DelegatingMethodAccessorImpl.java:43) ~[na:na]&#10;&#9;at java.base/java.lang.reflect.Method.invoke(Method.java:564) ~[na:na]&#10;&#9;at org.springframework.web.method.support.InvocableHandlerMethod.doInvoke(InvocableHandlerMethod.java:190) ~[spring-web-5.2.8.RELEASE.jar:5.2.8.RELEASE]&#10;&#9;at org.springframework.web.method.support.InvocableHandlerMethod.invokeForRequest(InvocableHandlerMethod.java:138) ~[spring-web-5.2.8.RELEASE.jar:5.2.8.RELEASE]&#10;&#9;at org.springframework.web.servlet.mvc.method.annotation.ServletInvocableHandlerMethod.invokeAndHandle(ServletInvocableHandlerMethod.java:105) ~[spring-webmvc-5.2.8.RELEASE.jar:5.2.8.RELEASE]&#10;&#9;at org.springframework.web.servlet.mvc.method.annotation.RequestMappingHandlerAdapter.invokeHandlerMethod(RequestMappingHandlerAdapter.java:878) ~[spring-webmvc-5.2.8.RELEASE.jar:5.2.8.RELEASE]&#10;&#9;at org.springframework.web.servlet.mvc.method.annotation.RequestMappingHandlerAdapter.handleInternal(RequestMappingHandlerAdapter.java:792) ~[spring-webmvc-5.2.8.RELEASE.jar:5.2.8.RELEASE]&#10;&#9;at org.springframework.web.servlet.mvc.method.AbstractHandlerMethodAdapter.handle(AbstractHandlerMethodAdapter.java:87) ~[spring-webmvc-5.2.8.RELEASE.jar:5.2.8.RELEASE]&#10;&#9;at org.springframework.web.servlet.DispatcherServlet.doDispatch(DispatcherServlet.java:1040) ~[spring-webmvc-5.2.8.RELEASE.jar:5.2.8.RELEASE]&#10;&#9;at org.springframework.web.servlet.DispatcherServlet.doService(DispatcherServlet.java:943) ~[spring-webmvc-5.2.8.RELEASE.jar:5.2.8.RELEASE]&#10;&#9;at org.springframework.web.servlet.FrameworkServlet.processRequest(FrameworkServlet.java:1006) ~[spring-webmvc-5.2.8.RELEASE.jar:5.2.8.RELEASE]&#10;&#9;at org.springframework.web.servlet.FrameworkServlet.doGet(FrameworkServlet.java:898) ~[spring-webmvc-5.2.8.RELEASE.jar:5.2.8.RELEASE]&#10;&#9;at javax.servlet.http.HttpServlet.service(HttpServlet.java:626) ~[tomcat-embed-core-9.0.37.jar:4.0.FR]&#10;&#9;at org.springframework.web.servlet.FrameworkServlet.service(FrameworkServlet.java:883) ~[spring-webmvc-5.2.8.RELEASE.jar:5.2.8.RELEASE]&#10;&#9;at javax.servlet.http.HttpServlet.service(HttpServlet.java:733) ~[tomcat-embed-core-9.0.37.jar:4.0.FR]&#10;&#9;at java.base/jdk.internal.reflect.NativeMethodAccessorImpl.invoke0(Native Method) ~[na:na]&#10;&#9;at java.base/jdk.internal.reflect.NativeMethodAccessorImpl.invoke(NativeMethodAccessorImpl.java:64) ~[na:na]&#10;&#9;at java.base/jdk.internal.reflect.DelegatingMethodAccessorImpl.invoke(DelegatingMethodAccessorImpl.java:43) ~[na:na]&#10;&#9;at java.base/java.lang.reflect.Method.invoke(Method.java:564) ~[na:na]&#10;&#9;at org.apache.catalina.security.SecurityUtil$1.run(SecurityUtil.java:282) ~[tomcat-embed-core-9.0.37.jar:9.0.37]&#10;&#9;at org.apache.catalina.security.SecurityUtil$1.run(SecurityUtil.java:279) ~[tomcat-embed-core-9.0.37.jar:9.0.37]&#10;&#9;at java.base/java.security.AccessController.doPrivileged(AccessController.java:691) ~[na:na]&#10;&#9;at java.base/javax.security.auth.Subject.doAsPrivileged(Subject.java:552) ~[na:na]&#10;&#9;at org.apache.catalina.security.SecurityUtil.execute(SecurityUtil.java:314) ~[tomcat-embed-core-9.0.37.jar:9.0.37]&#10;&#9;at org.apache.catalina.security.SecurityUtil.doAsPrivilege(SecurityUtil.java:170) ~[tomcat-embed-core-9.0.37.jar:9.0.37]&#10;&#9;at org.apache.catalina.core.ApplicationFilterChain.internalDoFilter(ApplicationFilterChain.java:225) ~[tomcat-embed-core-9.0.37.jar:9.0.37]&#10;&#9;at org.apache.catalina.core.ApplicationFilterChain.access$000(ApplicationFilterChain.java:47) ~[tomcat-embed-core-9.0.37.jar:9.0.37]&#10;&#9;at org.apache.catalina.core.ApplicationFilterChain$1.run(ApplicationFilterChain.java:149) ~[tomcat-embed-core-9.0.37.jar:9.0.37]&#10;&#9;at org.apache.catalina.core.ApplicationFilterChain$1.run(ApplicationFilterChain.java:145) ~[tomcat-embed-core-9.0.37.jar:9.0.37]&#10;&#9;at java.base/java.security.AccessController.doPrivileged(AccessController.java:554) ~[na:na]&#10;&#9;at org.apache.catalina.core.ApplicationFilterChain.doFilter(ApplicationFilterChain.java:144) ~[tomcat-embed-core-9.0.37.jar:9.0.37]&#10;&#9;at org.apache.tomcat.websocket.server.WsFilter.doFilter(WsFilter.java:53) ~[tomcat-embed-websocket-9.0.37.jar:9.0.37]&#10;&#9;at java.base/jdk.internal.reflect.NativeMethodAccessorImpl.invoke0(Native Method) ~[na:na]&#10;&#9;at java.base/jdk.internal.reflect.NativeMethodAccessorImpl.invoke(NativeMethodAccessorImpl.java:64) ~[na:na]&#10;&#9;at java.base/jdk.internal.reflect.DelegatingMethodAccessorImpl.invoke(DelegatingMethodAccessorImpl.java:43) ~[na:na]&#10;&#9;at java.base/java.lang.reflect.Method.invoke(Method.java:564) ~[na:na]&#10;&#9;at org.apache.catalina.security.SecurityUtil$1.run(SecurityUtil.java:282) ~[tomcat-embed-core-9.0.37.jar:9.0.37]&#10;&#9;at org.apache.catalina.security.SecurityUtil$1.run(SecurityUtil.java:279) ~[tomcat-embed-core-9.0.37.jar:9.0.37]&#10;&#9;at java.base/java.security.AccessController.doPrivileged(AccessController.java:691) ~[na:na]&#10;&#9;at java.base/javax.security.auth.Subject.doAsPrivileged(Subject.java:552) ~[na:na]&#10;&#9;at org.apache.catalina.security.SecurityUtil.execute(SecurityUtil.java:314) ~[tomcat-embed-core-9.0.37.jar:9.0.37]&#10;&#9;at org.apache.catalina.security.SecurityUtil.doAsPrivilege(SecurityUtil.java:253) ~[tomcat-embed-core-9.0.37.jar:9.0.37]&#10;&#9;at org.apache.catalina.core.ApplicationFilterChain.internalDoFilter(ApplicationFilterChain.java:191) ~[tomcat-embed-core-9.0.37.jar:9.0.37]&#10;&#9;at org.apache.catalina.core.ApplicationFilterChain.access$000(ApplicationFilterChain.java:47) ~[tomcat-embed-core-9.0.37.jar:9.0.37]&#10;&#9;at org.apache.catalina.core.ApplicationFilterChain$1.run(ApplicationFilterChain.java:149) ~[tomcat-embed-core-9.0.37.jar:9.0.37]&#10;&#9;at org.apache.catalina.core.ApplicationFilterChain$1.run(ApplicationFilterChain.java:145) ~[tomcat-embed-core-9.0.37.jar:9.0.37]&#10;&#9;at java.base/java.security.AccessController.doPrivileged(AccessController.java:554) ~[na:na]&#10;&#9;at org.apache.catalina.core.ApplicationFilterChain.doFilter(ApplicationFilterChain.java:144) ~[tomcat-embed-core-9.0.37.jar:9.0.37]&#10;&#9;at org.springframework.web.filter.RequestContextFilter.doFilterInternal(RequestContextFilter.java:100) ~[spring-web-5.2.8.RELEASE.jar:5.2.8.RELEASE]&#10;&#9;at org.springframework.web.filter.OncePerRequestFilter.doFilter(OncePerRequestFilter.java:119) ~[spring-web-5.2.8.RELEASE.jar:5.2.8.RELEASE]&#10;&#9;at java.base/jdk.internal.reflect.NativeMethodAccessorImpl.invoke0(Native Method) ~[na:na]&#10;&#9;at java.base/jdk.internal.reflect.NativeMethodAccessorImpl.invoke(NativeMethodAccessorImpl.java:64) ~[na:na]&#10;&#9;at java.base/jdk.internal.reflect.DelegatingMethodAccessorImpl.invoke(DelegatingMethodAccessorImpl.java:43) ~[na:na]&#10;&#9;at java.base/java.lang.reflect.Method.invoke(Method.java:564) ~[na:na]&#10;&#9;at org.apache.catalina.security.SecurityUtil$1.run(SecurityUtil.java:282) ~[tomcat-embed-core-9.0.37.jar:9.0.37]&#10;&#9;at org.apache.catalina.security.SecurityUtil$1.run(SecurityUtil.java:279) ~[tomcat-embed-core-9.0.37.jar:9.0.37]&#10;&#9;at java.base/java.security.AccessController.doPrivileged(AccessController.java:691) ~[na:na]&#10;&#9;at java.base/javax.security.auth.Subject.doAsPrivileged(Subject.java:552) ~[na:na]&#10;&#9;at org.apache.catalina.security.SecurityUtil.execute(SecurityUtil.java:314) ~[tomcat-embed-core-9.0.37.jar:9.0.37]&#10;&#9;at org.apache.catalina.security.SecurityUtil.doAsPrivilege(SecurityUtil.java:253) ~[tomcat-embed-core-9.0.37.jar:9.0.37]&#10;&#9;at org.apache.catalina.core.ApplicationFilterChain.internalDoFilter(ApplicationFilterChain.java:191) ~[tomcat-embed-core-9.0.37.jar:9.0.37]&#10;&#9;at org.apache.catalina.core.ApplicationFilterChain.access$000(ApplicationFilterChain.java:47) ~[tomcat-embed-core-9.0.37.jar:9.0.37]&#10;&#9;at org.apache.catalina.core.ApplicationFilterChain$1.run(ApplicationFilterChain.java:149) ~[tomcat-embed-core-9.0.37.jar:9.0.37]&#10;&#9;at org.apache.catalina.core.ApplicationFilterChain$1.run(ApplicationFilterChain.java:145) ~[tomcat-embed-core-9.0.37.jar:9.0.37]&#10;&#9;at java.base/java.security.AccessController.doPrivileged(AccessController.java:554) ~[na:na]&#10;&#9;at org.apache.catalina.core.ApplicationFilterChain.doFilter(ApplicationFilterChain.java:144) ~[tomcat-embed-core-9.0.37.jar:9.0.37]&#10;&#9;at org.springframework.web.filter.FormContentFilter.doFilterInternal(FormContentFilter.java:93) ~[spring-web-5.2.8.RELEASE.jar:5.2.8.RELEASE]&#10;&#9;at org.springframework.web.filter.OncePerRequestFilter.doFilter(OncePerRequestFilter.java:119) ~[spring-web-5.2.8.RELEASE.jar:5.2.8.RELEASE]&#10;&#9;at java.base/jdk.internal.reflect.NativeMethodAccessorImpl.invoke0(Native Method) ~[na:na]&#10;&#9;at java.base/jdk.internal.reflect.NativeMethodAccessorImpl.invoke(NativeMethodAccessorImpl.java:64) ~[na:na]&#10;&#9;at java.base/jdk.internal.reflect.DelegatingMethodAccessorImpl.invoke(DelegatingMethodAccessorImpl.java:43) ~[na:na]&#10;&#9;at java.base/java.lang.reflect.Method.invoke(Method.java:564) ~[na:na]&#10;&#9;at org.apache.catalina.security.SecurityUtil$1.run(SecurityUtil.java:282) ~[tomcat-embed-core-9.0.37.jar:9.0.37]&#10;&#9;at org.apache.catalina.security.SecurityUtil$1.run(SecurityUtil.java:279) ~[tomcat-embed-core-9.0.37.jar:9.0.37]&#10;&#9;at java.base/java.security.AccessController.doPrivileged(AccessController.java:691) ~[na:na]&#10;&#9;at java.base/javax.security.auth.Subject.doAsPrivileged(Subject.java:552) ~[na:na]&#10;&#9;at org.apache.catalina.security.SecurityUtil.execute(SecurityUtil.java:314) ~[tomcat-embed-core-9.0.37.jar:9.0.37]&#10;&#9;at org.apache.catalina.security.SecurityUtil.doAsPrivilege(SecurityUtil.java:253) ~[tomcat-embed-core-9.0.37.jar:9.0.37]&#10;&#9;at org.apache.catalina.core.ApplicationFilterChain.internalDoFilter(ApplicationFilterChain.java:191) ~[tomcat-embed-core-9.0.37.jar:9.0.37]&#10;&#9;at org.apache.catalina.core.ApplicationFilterChain.access$000(ApplicationFilterChain.java:47) ~[tomcat-embed-core-9.0.37.jar:9.0.37]&#10;&#9;at org.apache.catalina.core.ApplicationFilterChain$1.run(ApplicationFilterChain.java:149) ~[tomcat-embed-core-9.0.37.jar:9.0.37]&#10;&#9;at org.apache.catalina.core.ApplicationFilterChain$1.run(ApplicationFilterChain.java:145) ~[tomcat-embed-core-9.0.37.jar:9.0.37]&#10;&#9;at java.base/java.security.AccessController.doPrivileged(AccessController.java:554) ~[na:na]&#10;&#9;at org.apache.catalina.core.ApplicationFilterChain.doFilter(ApplicationFilterChain.java:144) ~[tomcat-embed-core-9.0.37.jar:9.0.37]&#10;&#9;at org.springframework.boot.actuate.metrics.web.servlet.WebMvcMetricsFilter.doFilterInternal(WebMvcMetricsFilter.java:93) ~[spring-boot-actuator-2.3.3.RELEASE.jar:2.3.3.RELEASE]&#10;&#9;at org.springframework.web.filter.OncePerRequestFilter.doFilter(OncePerRequestFilter.java:119) ~[spring-web-5.2.8.RELEASE.jar:5.2.8.RELEASE]&#10;&#9;at java.base/jdk.internal.reflect.NativeMethodAccessorImpl.invoke0(Native Method) ~[na:na]&#10;&#9;at java.base/jdk.internal.reflect.NativeMethodAccessorImpl.invoke(NativeMethodAccessorImpl.java:64) ~[na:na]&#10;&#9;at java.base/jdk.internal.reflect.DelegatingMethodAccessorImpl.invoke(DelegatingMethodAccessorImpl.java:43) ~[na:na]&#10;&#9;at java.base/java.lang.reflect.Method.invoke(Method.java:564) ~[na:na]&#10;&#9;at org.apache.catalina.security.SecurityUtil$1.run(SecurityUtil.java:282) ~[tomcat-embed-core-9.0.37.jar:9.0.37]&#10;&#9;at org.apache.catalina.security.SecurityUtil$1.run(SecurityUtil.java:279) ~[tomcat-embed-core-9.0.37.jar:9.0.37]&#10;&#9;at java.base/java.security.AccessController.doPrivileged(AccessController.java:691) ~[na:na]&#10;&#9;at java.base/javax.security.auth.Subject.doAsPrivileged(Subject.java:552) ~[na:na]&#10;&#9;at org.apache.catalina.security.SecurityUtil.execute(SecurityUtil.java:314) ~[tomcat-embed-core-9.0.37.jar:9.0.37]&#10;&#9;at org.apache.catalina.security.SecurityUtil.doAsPrivilege(SecurityUtil.java:253) ~[tomcat-embed-core-9.0.37.jar:9.0.37]&#10;&#9;at org.apache.catalina.core.ApplicationFilterChain.internalDoFilter(ApplicationFilterChain.java:191) ~[tomcat-embed-core-9.0.37.jar:9.0.37]&#10;&#9;at org.apache.catalina.core.ApplicationFilterChain.access$000(ApplicationFilterChain.java:47) ~[tomcat-embed-core-9.0.37.jar:9.0.37]&#10;&#9;at org.apache.catalina.core.ApplicationFilterChain$1.run(ApplicationFilterChain.java:149) ~[tomcat-embed-core-9.0.37.jar:9.0.37]&#10;&#9;at org.apache.catalina.core.ApplicationFilterChain$1.run(ApplicationFilterChain.java:145) ~[tomcat-embed-core-9.0.37.jar:9.0.37]&#10;&#9;at java.base/java.security.AccessController.doPrivileged(AccessController.java:554) ~[na:na]&#10;&#9;at org.apache.catalina.core.ApplicationFilterChain.doFilter(ApplicationFilterChain.java:144) ~[tomcat-embed-core-9.0.37.jar:9.0.37]&#10;&#9;at org.springframework.web.filter.CharacterEncodingFilter.doFilterInternal(CharacterEncodingFilter.java:201) ~[spring-web-5.2.8.RELEASE.jar:5.2.8.RELEASE]&#10;&#9;at org.springframework.web.filter.OncePerRequestFilter.doFilter(OncePerRequestFilter.java:119) ~[spring-web-5.2.8.RELEASE.jar:5.2.8.RELEASE]&#10;&#9;at java.base/jdk.internal.reflect.NativeMethodAccessorImpl.invoke0(Native Method) ~[na:na]&#10;&#9;at java.base/jdk.internal.reflect.NativeMethodAccessorImpl.invoke(NativeMethodAccessorImpl.java:64) ~[na:na]&#10;&#9;at java.base/jdk.internal.reflect.DelegatingMethodAccessorImpl.invoke(DelegatingMethodAccessorImpl.java:43) ~[na:na]&#10;&#9;at java.base/java.lang.reflect.Method.invoke(Method.java:564) ~[na:na]&#10;&#9;at org.apache.catalina.security.SecurityUtil$1.run(SecurityUtil.java:282) ~[tomcat-embed-core-9.0.37.jar:9.0.37]&#10;&#9;at org.apache.catalina.security.SecurityUtil$1.run(SecurityUtil.java:279) ~[tomcat-embed-core-9.0.37.jar:9.0.37]&#10;&#9;at java.base/java.security.AccessController.doPrivileged(AccessController.java:691) ~[na:na]&#10;&#9;at java.base/javax.security.auth.Subject.doAsPrivileged(Subject.java:552) ~[na:na]&#10;&#9;at org.apache.catalina.security.SecurityUtil.execute(SecurityUtil.java:314) ~[tomcat-embed-core-9.0.37.jar:9.0.37]&#10;&#9;at org.apache.catalina.security.SecurityUtil.doAsPrivilege(SecurityUtil.java:253) ~[tomcat-embed-core-9.0.37.jar:9.0.37]&#10;&#9;at org.apache.catalina.core.ApplicationFilterChain.internalDoFilter(ApplicationFilterChain.java:191) ~[tomcat-embed-core-9.0.37.jar:9.0.37]&#10;&#9;at org.apache.catalina.core.ApplicationFilterChain.access$000(ApplicationFilterChain.java:47) ~[tomcat-embed-core-9.0.37.jar:9.0.37]&#10;&#9;at org.apache.catalina.core.ApplicationFilterChain$1.run(ApplicationFilterChain.java:149) ~[tomcat-embed-core-9.0.37.jar:9.0.37]&#10;&#9;at org.apache.catalina.core.ApplicationFilterChain$1.run(ApplicationFilterChain.java:145) ~[tomcat-embed-core-9.0.37.jar:9.0.37]&#10;&#9;at java.base/java.security.AccessController.doPrivileged(AccessController.java:554) ~[na:na]&#10;&#9;at org.apache.catalina.core.ApplicationFilterChain.doFilter(ApplicationFilterChain.java:144) ~[tomcat-embed-core-9.0.37.jar:9.0.37]&#10;&#9;at org.apache.catalina.core.StandardWrapperValve.invoke(StandardWrapperValve.java:202) ~[tomcat-embed-core-9.0.37.jar:9.0.37]&#10;&#9;at org.apache.catalina.core.StandardContextValve.invoke(StandardContextValve.java:96) ~[tomcat-embed-core-9.0.37.jar:9.0.37]&#10;&#9;at org.apache.catalina.authenticator.AuthenticatorBase.invoke(AuthenticatorBase.java:541) ~[tomcat-embed-core-9.0.37.jar:9.0.37]&#10;&#9;at org.apache.catalina.core.StandardHostValve.invoke(StandardHostValve.java:139) ~[tomcat-embed-core-9.0.37.jar:9.0.37]&#10;&#9;at org.apache.catalina.valves.ErrorReportValve.invoke(ErrorReportValve.java:92) ~[tomcat-embed-core-9.0.37.jar:9.0.37]&#10;&#9;at org.apache.catalina.core.StandardEngineValve.invoke(StandardEngineValve.java:74) ~[tomcat-embed-core-9.0.37.jar:9.0.37]&#10;&#9;at org.apache.catalina.connector.CoyoteAdapter.service(CoyoteAdapter.java:343) ~[tomcat-embed-core-9.0.37.jar:9.0.37]&#10;&#9;at org.apache.coyote.http11.Http11Processor.service(Http11Processor.java:373) ~[tomcat-embed-core-9.0.37.jar:9.0.37]&#10;&#9;at org.apache.coyote.AbstractProcessorLight.process(AbstractProcessorLight.java:65) ~[tomcat-embed-core-9.0.37.jar:9.0.37]&#10;&#9;at org.apache.coyote.AbstractProtocol$ConnectionHandler.process(AbstractProtocol.java:868) ~[tomcat-embed-core-9.0.37.jar:9.0.37]&#10;&#9;at org.apache.tomcat.util.net.NioEndpoint$SocketProcessor.doRun(NioEndpoint.java:1589) ~[tomcat-embed-core-9.0.37.jar:9.0.37]&#10;&#9;at org.apache.tomcat.util.net.SocketProcessorBase.run(SocketProcessorBase.java:49) ~[tomcat-embed-core-9.0.37.jar:9.0.37]&#10;&#9;at java.base/java.util.concurrent.ThreadPoolExecutor.runWorker(ThreadPoolExecutor.java:1130) ~[na:na]&#10;&#9;at java.base/java.util.concurrent.ThreadPoolExecutor$Worker.run(ThreadPoolExecutor.java:630) ~[na:na]&#10;&#9;at org.apache.tomcat.util.threads.TaskThread$WrappingRunnable.run(TaskThread.java:61) ~[tomcat-embed-core-9.0.37.jar:9.0.37]&#10;&#9;at java.base/java.lang.Thread.run(Thread.java:832) ~[na:na]" type="java.lang.AssertionError">java.lang.AssertionError: Wrong answer in test #1

GET /code/new should respond with status code 200, responded: 500

Response body:

{&quot;timestamp&quot;:&quot;2021-01-23T18:59:12.267+00:00&quot;,&quot;status&quot;:500,&quot;error&quot;:&quot;Internal Server Error&quot;,&quot;message&quot;:&quot;&quot;,&quot;path&quot;:&quot;/code/new&quot;}

Please find below the output of your program during this failed test.

---


  .   ____          _            __ _ _
 /\\ / ___'_ __ _ _(_)_ __  __ _ \ \ \ \
( ( )\___ | '_ | '_| | '_ \/ _` | \ \ \ \
 \\/  ___)| |_)| | | | | || (_| |  ) ) ) )
  '  |____| .__|_| |_|_| |_\__, | / / / /
 =========|_|==============|___/=/_/_/_/
 :: Spring Boot ::        (v2.3.3.RELEASE)

2021-01-23 20:59:07.604  INFO 16144 --- [    Test worker] platform.CodeSharingPlatform             : Starting CodeSharingPlatform on Cristina with PID 16144 (started by Cristina T in C:\Users\Cristina T\IdeaProjects\Code Sharing Platform\Code Sharing Platform\task)
2021-01-23 20:59:07.609  INFO 16144 --- [    Test worker] platform.CodeSharingPlatform             : No active profile set, falling back to default profiles: default
2021-01-23 20:59:09.640  INFO 16144 --- [    Test worker] o.s.b.w.embedded.tomcat.TomcatWebServer  : Tomcat initialized with port(s): 8889 (http)
2021-01-23 20:59:09.656  INFO 16144 --- [    Test worker] o.apache.catalina.core.StandardService   : Starting service [Tomcat]
2021-01-23 20:59:09.657  INFO 16144 --- [    Test worker] org.apache.catalina.core.StandardEngine  : Starting Servlet engine: [Apache Tomcat/9.0.37]
2021-01-23 20:59:09.827  INFO 16144 --- [    Test worker] o.a.c.c.C.[Tomcat].[localhost].[/]       : Initializing Spring embedded WebApplicationContext
2021-01-23 20:59:09.827  INFO 16144 --- [    Test worker] w.s.c.ServletWebServerApplicationContext : Root WebApplicationContext: initialization completed in 2149 ms
2021-01-23 20:59:10.471  INFO 16144 --- [    Test worker] o.s.s.concurrent.ThreadPoolTaskExecutor  : Initializing ExecutorService 'applicationTaskExecutor'
2021-01-23 20:59:11.145  INFO 16144 --- [    Test worker] o.s.b.a.e.web.EndpointLinksResolver      : Exposing 14 endpoint(s) beneath base path '/actuator'
2021-01-23 20:59:11.226  INFO 16144 --- [    Test worker] o.s.b.w.embedded.tomcat.TomcatWebServer  : Tomcat started on port(s): 8889 (http) with context path ''
2021-01-23 20:59:11.248  INFO 16144 --- [    Test worker] platform.CodeSharingPlatform             : Started CodeSharingPlatform in 4.221 seconds (JVM running for 5.536)
2021-01-23 20:59:12.137  INFO 16144 --- [nio-8889-exec-1] o.a.c.c.C.[Tomcat].[localhost].[/]       : Initializing Spring DispatcherServlet 'dispatcherServlet'
2021-01-23 20:59:12.137  INFO 16144 --- [nio-8889-exec-1] o.s.web.servlet.DispatcherServlet        : Initializing Servlet 'dispatcherServlet'
2021-01-23 20:59:12.148  INFO 16144 --- [nio-8889-exec-1] o.s.web.servlet.DispatcherServlet        : Completed initialization in 10 ms
2021-01-23 20:59:12.232 ERROR 16144 --- [nio-8889-exec-1] o.a.c.c.C.[.[.[/].[dispatcherServlet]    : Servlet.service() for servlet [dispatcherServlet] in context with path [] threw exception [Request processing failed; nested exception is java.lang.IndexOutOfBoundsException: Index -1 out of bounds for length 0] with root cause

java.lang.IndexOutOfBoundsException: Index -1 out of bounds for length 0
	at java.base/jdk.internal.util.Preconditions.outOfBounds(Preconditions.java:64) ~[na:na]
	at java.base/jdk.internal.util.Preconditions.outOfBoundsCheckIndex(Preconditions.java:70) ~[na:na]
	at java.base/jdk.internal.util.Preconditions.checkIndex(Preconditions.java:248) ~[na:na]
	at java.base/java.util.Objects.checkIndex(Objects.java:359) ~[na:na]
	at java.base/java.util.ArrayList.get(ArrayList.java:427) ~[na:na]
	at platform.CodeSharingPlatformController.getNewHTML(CodeSharingPlatformController.java:27) ~[main/:na]
	at java.base/jdk.internal.reflect.NativeMethodAccessorImpl.invoke0(Native Method) ~[na:na]
	at java.base/jdk.internal.reflect.NativeMethodAccessorImpl.invoke(NativeMethodAccessorImpl.java:64) ~[na:na]
	at java.base/jdk.internal.reflect.DelegatingMethodAccessorImpl.invoke(DelegatingMethodAccessorImpl.java:43) ~[na:na]
	at java.base/java.lang.reflect.Method.invoke(Method.java:564) ~[na:na]
	at org.springframework.web.method.support.InvocableHandlerMethod.doInvoke(InvocableHandlerMethod.java:190) ~[spring-web-5.2.8.RELEASE.jar:5.2.8.RELEASE]
	at org.springframework.web.method.support.InvocableHandlerMethod.invokeForRequest(InvocableHandlerMethod.java:138) ~[spring-web-5.2.8.RELEASE.jar:5.2.8.RELEASE]
	at org.springframework.web.servlet.mvc.method.annotation.ServletInvocableHandlerMethod.invokeAndHandle(ServletInvocableHandlerMethod.java:105) ~[spring-webmvc-5.2.8.RELEASE.jar:5.2.8.RELEASE]
	at org.springframework.web.servlet.mvc.method.annotation.RequestMappingHandlerAdapter.invokeHandlerMethod(RequestMappingHandlerAdapter.java:878) ~[spring-webmvc-5.2.8.RELEASE.jar:5.2.8.RELEASE]
	at org.springframework.web.servlet.mvc.method.annotation.RequestMappingHandlerAdapter.handleInternal(RequestMappingHandlerAdapter.java:792) ~[spring-webmvc-5.2.8.RELEASE.jar:5.2.8.RELEASE]
	at org.springframework.web.servlet.mvc.method.AbstractHandlerMethodAdapter.handle(AbstractHandlerMethodAdapter.java:87) ~[spring-webmvc-5.2.8.RELEASE.jar:5.2.8.RELEASE]
	at org.springframework.web.servlet.DispatcherServlet.doDispatch(DispatcherServlet.java:1040) ~[spring-webmvc-5.2.8.RELEASE.jar:5.2.8.RELEASE]
	at org.springframework.web.servlet.DispatcherServlet.doService(DispatcherServlet.java:943) ~[spring-webmvc-5.2.8.RELEASE.jar:5.2.8.RELEASE]
	at org.springframework.web.servlet.FrameworkServlet.processRequest(FrameworkServlet.java:1006) ~[spring-webmvc-5.2.8.RELEASE.jar:5.2.8.RELEASE]
	at org.springframework.web.servlet.FrameworkServlet.doGet(FrameworkServlet.java:898) ~[spring-webmvc-5.2.8.RELEASE.jar:5.2.8.RELEASE]
	at javax.servlet.http.HttpServlet.service(HttpServlet.java:626) ~[tomcat-embed-core-9.0.37.jar:4.0.FR]
	at org.springframework.web.servlet.FrameworkServlet.service(FrameworkServlet.java:883) ~[spring-webmvc-5.2.8.RELEASE.jar:5.2.8.RELEASE]
	at javax.servlet.http.HttpServlet.service(HttpServlet.java:733) ~[tomcat-embed-core-9.0.37.jar:4.0.FR]
	at java.base/jdk.internal.reflect.NativeMethodAccessorImpl.invoke0(Native Method) ~[na:na]
	at java.base/jdk.internal.reflect.NativeMethodAccessorImpl.invoke(NativeMethodAccessorImpl.java:64) ~[na:na]
	at java.base/jdk.internal.reflect.DelegatingMethodAccessorImpl.invoke(DelegatingMethodAccessorImpl.java:43) ~[na:na]
	at java.base/java.lang.reflect.Method.invoke(Method.java:564) ~[na:na]
	at org.apache.catalina.security.SecurityUtil$1.run(SecurityUtil.java:282) ~[tomcat-embed-core-9.0.37.jar:9.0.37]
	at org.apache.catalina.security.SecurityUtil$1.run(SecurityUtil.java:279) ~[tomcat-embed-core-9.0.37.jar:9.0.37]
	at java.base/java.security.AccessController.doPrivileged(AccessController.java:691) ~[na:na]
	at java.base/javax.security.auth.Subject.doAsPrivileged(Subject.java:552) ~[na:na]
	at org.apache.catalina.security.SecurityUtil.execute(SecurityUtil.java:314) ~[tomcat-embed-core-9.0.37.jar:9.0.37]
	at org.apache.catalina.security.SecurityUtil.doAsPrivilege(SecurityUtil.java:170) ~[tomcat-embed-core-9.0.37.jar:9.0.37]
	at org.apache.catalina.core.ApplicationFilterChain.internalDoFilter(ApplicationFilterChain.java:225) ~[tomcat-embed-core-9.0.37.jar:9.0.37]
	at org.apache.catalina.core.ApplicationFilterChain.access$000(ApplicationFilterChain.java:47) ~[tomcat-embed-core-9.0.37.jar:9.0.37]
	at org.apache.catalina.core.ApplicationFilterChain$1.run(ApplicationFilterChain.java:149) ~[tomcat-embed-core-9.0.37.jar:9.0.37]
	at org.apache.catalina.core.ApplicationFilterChain$1.run(ApplicationFilterChain.java:145) ~[tomcat-embed-core-9.0.37.jar:9.0.37]
	at java.base/java.security.AccessController.doPrivileged(AccessController.java:554) ~[na:na]
	at org.apache.catalina.core.ApplicationFilterChain.doFilter(ApplicationFilterChain.java:144) ~[tomcat-embed-core-9.0.37.jar:9.0.37]
	at org.apache.tomcat.websocket.server.WsFilter.doFilter(WsFilter.java:53) ~[tomcat-embed-websocket-9.0.37.jar:9.0.37]
	at java.base/jdk.internal.reflect.NativeMethodAccessorImpl.invoke0(Native Method) ~[na:na]
	at java.base/jdk.internal.reflect.NativeMethodAccessorImpl.invoke(NativeMethodAccessorImpl.java:64) ~[na:na]
	at java.base/jdk.internal.reflect.DelegatingMethodAccessorImpl.invoke(DelegatingMethodAccessorImpl.java:43) ~[na:na]
	at java.base/java.lang.reflect.Method.invoke(Method.java:564) ~[na:na]
	at org.apache.catalina.security.SecurityUtil$1.run(SecurityUtil.java:282) ~[tomcat-embed-core-9.0.37.jar:9.0.37]
	at org.apache.catalina.security.SecurityUtil$1.run(SecurityUtil.java:279) ~[tomcat-embed-core-9.0.37.jar:9.0.37]
	at java.base/java.security.AccessController.doPrivileged(AccessController.java:691) ~[na:na]
	at java.base/javax.security.auth.Subject.doAsPrivileged(Subject.java:552) ~[na:na]
	at org.apache.catalina.security.SecurityUtil.execute(SecurityUtil.java:314) ~[tomcat-embed-core-9.0.37.jar:9.0.37]
	at org.apache.catalina.security.SecurityUtil.doAsPrivilege(SecurityUtil.java:253) ~[tomcat-embed-core-9.0.37.jar:9.0.37]
	at org.apache.catalina.core.ApplicationFilterChain.internalDoFilter(ApplicationFilterChain.java:191) ~[tomcat-embed-core-9.0.37.jar:9.0.37]
	at org.apache.catalina.core.ApplicationFilterChain.access$000(ApplicationFilterChain.java:47) ~[tomcat-embed-core-9.0.37.jar:9.0.37]
	at org.apache.catalina.core.ApplicationFilterChain$1.run(ApplicationFilterChain.java:149) ~[tomcat-embed-core-9.0.37.jar:9.0.37]
	at org.apache.catalina.core.ApplicationFilterChain$1.run(ApplicationFilterChain.java:145) ~[tomcat-embed-core-9.0.37.jar:9.0.37]
	at java.base/java.security.AccessController.doPrivileged(AccessController.java:554) ~[na:na]
	at org.apache.catalina.core.ApplicationFilterChain.doFilter(ApplicationFilterChain.java:144) ~[tomcat-embed-core-9.0.37.jar:9.0.37]
	at org.springframework.web.filter.RequestContextFilter.doFilterInternal(RequestContextFilter.java:100) ~[spring-web-5.2.8.RELEASE.jar:5.2.8.RELEASE]
	at org.springframework.web.filter.OncePerRequestFilter.doFilter(OncePerRequestFilter.java:119) ~[spring-web-5.2.8.RELEASE.jar:5.2.8.RELEASE]
	at java.base/jdk.internal.reflect.NativeMethodAccessorImpl.invoke0(Native Method) ~[na:na]
	at java.base/jdk.internal.reflect.NativeMethodAccessorImpl.invoke(NativeMethodAccessorImpl.java:64) ~[na:na]
	at java.base/jdk.internal.reflect.DelegatingMethodAccessorImpl.invoke(DelegatingMethodAccessorImpl.java:43) ~[na:na]
	at java.base/java.lang.reflect.Method.invoke(Method.java:564) ~[na:na]
	at org.apache.catalina.security.SecurityUtil$1.run(SecurityUtil.java:282) ~[tomcat-embed-core-9.0.37.jar:9.0.37]
	at org.apache.catalina.security.SecurityUtil$1.run(SecurityUtil.java:279) ~[tomcat-embed-core-9.0.37.jar:9.0.37]
	at java.base/java.security.AccessController.doPrivileged(AccessController.java:691) ~[na:na]
	at java.base/javax.security.auth.Subject.doAsPrivileged(Subject.java:552) ~[na:na]
	at org.apache.catalina.security.SecurityUtil.execute(SecurityUtil.java:314) ~[tomcat-embed-core-9.0.37.jar:9.0.37]
	at org.apache.catalina.security.SecurityUtil.doAsPrivilege(SecurityUtil.java:253) ~[tomcat-embed-core-9.0.37.jar:9.0.37]
	at org.apache.catalina.core.ApplicationFilterChain.internalDoFilter(ApplicationFilterChain.java:191) ~[tomcat-embed-core-9.0.37.jar:9.0.37]
	at org.apache.catalina.core.ApplicationFilterChain.access$000(ApplicationFilterChain.java:47) ~[tomcat-embed-core-9.0.37.jar:9.0.37]
	at org.apache.catalina.core.ApplicationFilterChain$1.run(ApplicationFilterChain.java:149) ~[tomcat-embed-core-9.0.37.jar:9.0.37]
	at org.apache.catalina.core.ApplicationFilterChain$1.run(ApplicationFilterChain.java:145) ~[tomcat-embed-core-9.0.37.jar:9.0.37]
	at java.base/java.security.AccessController.doPrivileged(AccessController.java:554) ~[na:na]
	at org.apache.catalina.core.ApplicationFilterChain.doFilter(ApplicationFilterChain.java:144) ~[tomcat-embed-core-9.0.37.jar:9.0.37]
	at org.springframework.web.filter.FormContentFilter.doFilterInternal(FormContentFilter.java:93) ~[spring-web-5.2.8.RELEASE.jar:5.2.8.RELEASE]
	at org.springframework.web.filter.OncePerRequestFilter.doFilter(OncePerRequestFilter.java:119) ~[spring-web-5.2.8.RELEASE.jar:5.2.8.RELEASE]
	at java.base/jdk.internal.reflect.NativeMethodAccessorImpl.invoke0(Native Method) ~[na:na]
	at java.base/jdk.internal.reflect.NativeMethodAccessorImpl.invoke(NativeMethodAccessorImpl.java:64) ~[na:na]
	at java.base/jdk.internal.reflect.DelegatingMethodAccessorImpl.invoke(DelegatingMethodAccessorImpl.java:43) ~[na:na]
	at java.base/java.lang.reflect.Method.invoke(Method.java:564) ~[na:na]
	at org.apache.catalina.security.SecurityUtil$1.run(SecurityUtil.java:282) ~[tomcat-embed-core-9.0.37.jar:9.0.37]
	at org.apache.catalina.security.SecurityUtil$1.run(SecurityUtil.java:279) ~[tomcat-embed-core-9.0.37.jar:9.0.37]
	at java.base/java.security.AccessController.doPrivileged(AccessController.java:691) ~[na:na]
	at java.base/javax.security.auth.Subject.doAsPrivileged(Subject.java:552) ~[na:na]
	at org.apache.catalina.security.SecurityUtil.execute(SecurityUtil.java:314) ~[tomcat-embed-core-9.0.37.jar:9.0.37]
	at org.apache.catalina.security.SecurityUtil.doAsPrivilege(SecurityUtil.java:253) ~[tomcat-embed-core-9.0.37.jar:9.0.37]
	at org.apache.catalina.core.ApplicationFilterChain.internalDoFilter(ApplicationFilterChain.java:191) ~[tomcat-embed-core-9.0.37.jar:9.0.37]
	at org.apache.catalina.core.ApplicationFilterChain.access$000(ApplicationFilterChain.java:47) ~[tomcat-embed-core-9.0.37.jar:9.0.37]
	at org.apache.catalina.core.ApplicationFilterChain$1.run(ApplicationFilterChain.java:149) ~[tomcat-embed-core-9.0.37.jar:9.0.37]
	at org.apache.catalina.core.ApplicationFilterChain$1.run(ApplicationFilterChain.java:145) ~[tomcat-embed-core-9.0.37.jar:9.0.37]
	at java.base/java.security.AccessController.doPrivileged(AccessController.java:554) ~[na:na]
	at org.apache.catalina.core.ApplicationFilterChain.doFilter(ApplicationFilterChain.java:144) ~[tomcat-embed-core-9.0.37.jar:9.0.37]
	at org.springframework.boot.actuate.metrics.web.servlet.WebMvcMetricsFilter.doFilterInternal(WebMvcMetricsFilter.java:93) ~[spring-boot-actuator-2.3.3.RELEASE.jar:2.3.3.RELEASE]
	at org.springframework.web.filter.OncePerRequestFilter.doFilter(OncePerRequestFilter.java:119) ~[spring-web-5.2.8.RELEASE.jar:5.2.8.RELEASE]
	at java.base/jdk.internal.reflect.NativeMethodAccessorImpl.invoke0(Native Method) ~[na:na]
	at java.base/jdk.internal.reflect.NativeMethodAccessorImpl.invoke(NativeMethodAccessorImpl.java:64) ~[na:na]
	at java.base/jdk.internal.reflect.DelegatingMethodAccessorImpl.invoke(DelegatingMethodAccessorImpl.java:43) ~[na:na]
	at java.base/java.lang.reflect.Method.invoke(Method.java:564) ~[na:na]
	at org.apache.catalina.security.SecurityUtil$1.run(SecurityUtil.java:282) ~[tomcat-embed-core-9.0.37.jar:9.0.37]
	at org.apache.catalina.security.SecurityUtil$1.run(SecurityUtil.java:279) ~[tomcat-embed-core-9.0.37.jar:9.0.37]
	at java.base/java.security.AccessController.doPrivileged(AccessController.java:691) ~[na:na]
	at java.base/javax.security.auth.Subject.doAsPrivileged(Subject.java:552) ~[na:na]
	at org.apache.catalina.security.SecurityUtil.execute(SecurityUtil.java:314) ~[tomcat-embed-core-9.0.37.jar:9.0.37]
	at org.apache.catalina.security.SecurityUtil.doAsPrivilege(SecurityUtil.java:253) ~[tomcat-embed-core-9.0.37.jar:9.0.37]
	at org.apache.catalina.core.ApplicationFilterChain.internalDoFilter(ApplicationFilterChain.java:191) ~[tomcat-embed-core-9.0.37.jar:9.0.37]
	at org.apache.catalina.core.ApplicationFilterChain.access$000(ApplicationFilterChain.java:47) ~[tomcat-embed-core-9.0.37.jar:9.0.37]
	at org.apache.catalina.core.ApplicationFilterChain$1.run(ApplicationFilterChain.java:149) ~[tomcat-embed-core-9.0.37.jar:9.0.37]
	at org.apache.catalina.core.ApplicationFilterChain$1.run(ApplicationFilterChain.java:145) ~[tomcat-embed-core-9.0.37.jar:9.0.37]
	at java.base/java.security.AccessController.doPrivileged(AccessController.java:554) ~[na:na]
	at org.apache.catalina.core.ApplicationFilterChain.doFilter(ApplicationFilterChain.java:144) ~[tomcat-embed-core-9.0.37.jar:9.0.37]
	at org.springframework.web.filter.CharacterEncodingFilter.doFilterInternal(CharacterEncodingFilter.java:201) ~[spring-web-5.2.8.RELEASE.jar:5.2.8.RELEASE]
	at org.springframework.web.filter.OncePerRequestFilter.doFilter(OncePerRequestFilter.java:119) ~[spring-web-5.2.8.RELEASE.jar:5.2.8.RELEASE]
	at java.base/jdk.internal.reflect.NativeMethodAccessorImpl.invoke0(Native Method) ~[na:na]
	at java.base/jdk.internal.reflect.NativeMethodAccessorImpl.invoke(NativeMethodAccessorImpl.java:64) ~[na:na]
	at java.base/jdk.internal.reflect.DelegatingMethodAccessorImpl.invoke(DelegatingMethodAccessorImpl.java:43) ~[na:na]
	at java.base/java.lang.reflect.Method.invoke(Method.java:564) ~[na:na]
	at org.apache.catalina.security.SecurityUtil$1.run(SecurityUtil.java:282) ~[tomcat-embed-core-9.0.37.jar:9.0.37]
	at org.apache.catalina.security.SecurityUtil$1.run(SecurityUtil.java:279) ~[tomcat-embed-core-9.0.37.jar:9.0.37]
	at java.base/java.security.AccessController.doPrivileged(AccessController.java:691) ~[na:na]
	at java.base/javax.security.auth.Subject.doAsPrivileged(Subject.java:552) ~[na:na]
	at org.apache.catalina.security.SecurityUtil.execute(SecurityUtil.java:314) ~[tomcat-embed-core-9.0.37.jar:9.0.37]
	at org.apache.catalina.security.SecurityUtil.doAsPrivilege(SecurityUtil.java:253) ~[tomcat-embed-core-9.0.37.jar:9.0.37]
	at org.apache.catalina.core.ApplicationFilterChain.internalDoFilter(ApplicationFilterChain.java:191) ~[tomcat-embed-core-9.0.37.jar:9.0.37]
	at org.apache.catalina.core.ApplicationFilterChain.access$000(ApplicationFilterChain.java:47) ~[tomcat-embed-core-9.0.37.jar:9.0.37]
	at org.apache.catalina.core.ApplicationFilterChain$1.run(ApplicationFilterChain.java:149) ~[tomcat-embed-core-9.0.37.jar:9.0.37]
	at org.apache.catalina.core.ApplicationFilterChain$1.run(ApplicationFilterChain.java:145) ~[tomcat-embed-core-9.0.37.jar:9.0.37]
	at java.base/java.security.AccessController.doPrivileged(AccessController.java:554) ~[na:na]
	at org.apache.catalina.core.ApplicationFilterChain.doFilter(ApplicationFilterChain.java:144) ~[tomcat-embed-core-9.0.37.jar:9.0.37]
	at org.apache.catalina.core.StandardWrapperValve.invoke(StandardWrapperValve.java:202) ~[tomcat-embed-core-9.0.37.jar:9.0.37]
	at org.apache.catalina.core.StandardContextValve.invoke(StandardContextValve.java:96) ~[tomcat-embed-core-9.0.37.jar:9.0.37]
	at org.apache.catalina.authenticator.AuthenticatorBase.invoke(AuthenticatorBase.java:541) ~[tomcat-embed-core-9.0.37.jar:9.0.37]
	at org.apache.catalina.core.StandardHostValve.invoke(StandardHostValve.java:139) ~[tomcat-embed-core-9.0.37.jar:9.0.37]
	at org.apache.catalina.valves.ErrorReportValve.invoke(ErrorReportValve.java:92) ~[tomcat-embed-core-9.0.37.jar:9.0.37]
	at org.apache.catalina.core.StandardEngineValve.invoke(StandardEngineValve.java:74) ~[tomcat-embed-core-9.0.37.jar:9.0.37]
	at org.apache.catalina.connector.CoyoteAdapter.service(CoyoteAdapter.java:343) ~[tomcat-embed-core-9.0.37.jar:9.0.37]
	at org.apache.coyote.http11.Http11Processor.service(Http11Processor.java:373) ~[tomcat-embed-core-9.0.37.jar:9.0.37]
	at org.apache.coyote.AbstractProcessorLight.process(AbstractProcessorLight.java:65) ~[tomcat-embed-core-9.0.37.jar:9.0.37]
	at org.apache.coyote.AbstractProtocol$ConnectionHandler.process(AbstractProtocol.java:868) ~[tomcat-embed-core-9.0.37.jar:9.0.37]
	at org.apache.tomcat.util.net.NioEndpoint$SocketProcessor.doRun(NioEndpoint.java:1589) ~[tomcat-embed-core-9.0.37.jar:9.0.37]
	at org.apache.tomcat.util.net.SocketProcessorBase.run(SocketProcessorBase.java:49) ~[tomcat-embed-core-9.0.37.jar:9.0.37]
	at java.base/java.util.concurrent.ThreadPoolExecutor.runWorker(ThreadPoolExecutor.java:1130) ~[na:na]
	at java.base/java.util.concurrent.ThreadPoolExecutor$Worker.run(ThreadPoolExecutor.java:630) ~[na:na]
	at org.apache.tomcat.util.threads.TaskThread$WrappingRunnable.run(TaskThread.java:61) ~[tomcat-embed-core-9.0.37.jar:9.0.37]
	at java.base/java.lang.Thread.run(Thread.java:832) ~[na:na]
	at org.junit.Assert.fail(Assert.java:88)
	at org.hyperskill.hstest.stage.StageTest.start(StageTest.java:125)
	at java.base/jdk.internal.reflect.NativeMethodAccessorImpl.invoke0(Native Method)
	at java.base/jdk.internal.reflect.NativeMethodAccessorImpl.invoke(NativeMethodAccessorImpl.java:64)
	at java.base/jdk.internal.reflect.DelegatingMethodAccessorImpl.invoke(DelegatingMethodAccessorImpl.java:43)
	at java.base/java.lang.reflect.Method.invoke(Method.java:564)
	at org.junit.runners.model.FrameworkMethod$1.runReflectiveCall(FrameworkMethod.java:50)
	at org.junit.internal.runners.model.ReflectiveCallable.run(ReflectiveCallable.java:12)
	at org.junit.runners.model.FrameworkMethod.invokeExplosively(FrameworkMethod.java:47)
	at org.junit.internal.runners.statements.InvokeMethod.evaluate(InvokeMethod.java:17)
	at org.junit.internal.runners.statements.RunAfters.evaluate(RunAfters.java:27)
	at org.junit.runners.ParentRunner.runLeaf(ParentRunner.java:325)
	at org.junit.runners.BlockJUnit4ClassRunner.runChild(BlockJUnit4ClassRunner.java:78)
	at org.junit.runners.BlockJUnit4ClassRunner.runChild(BlockJUnit4ClassRunner.java:57)
	at org.junit.runners.ParentRunner$3.run(ParentRunner.java:290)
	at org.junit.runners.ParentRunner$1.schedule(ParentRunner.java:71)
	at org.junit.runners.ParentRunner.runChildren(ParentRunner.java:288)
	at org.junit.runners.ParentRunner.access$000(ParentRunner.java:58)
	at org.junit.runners.ParentRunner$2.evaluate(ParentRunner.java:268)
	at org.junit.runners.ParentRunner.run(ParentRunner.java:363)
	at org.gradle.api.internal.tasks.testing.junit.JUnitTestClassExecutor.runTestClass(JUnitTestClassExecutor.java:110)
	at org.gradle.api.internal.tasks.testing.junit.JUnitTestClassExecutor.execute(JUnitTestClassExecutor.java:58)
	at org.gradle.api.internal.tasks.testing.junit.JUnitTestClassExecutor.execute(JUnitTestClassExecutor.java:38)
	at org.gradle.api.internal.tasks.testing.junit.AbstractJUnitTestClassProcessor.processTestClass(AbstractJUnitTestClassProcessor.java:62)
	at org.gradle.api.internal.tasks.testing.SuiteTestClassProcessor.processTestClass(SuiteTestClassProcessor.java:51)
	at java.base/jdk.internal.reflect.NativeMethodAccessorImpl.invoke0(Native Method)
	at java.base/jdk.internal.reflect.NativeMethodAccessorImpl.invoke(NativeMethodAccessorImpl.java:64)
	at java.base/jdk.internal.reflect.DelegatingMethodAccessorImpl.invoke(DelegatingMethodAccessorImpl.java:43)
	at java.base/java.lang.reflect.Method.invoke(Method.java:564)
	at org.gradle.internal.dispatch.ReflectionDispatch.dispatch(ReflectionDispatch.java:36)
	at org.gradle.internal.dispatch.ReflectionDispatch.dispatch(ReflectionDispatch.java:24)
	at org.gradle.internal.dispatch.ContextClassLoaderDispatch.dispatch(ContextClassLoaderDispatch.java:33)
	at org.gradle.internal.dispatch.ProxyDispatchAdapter$DispatchingInvocationHandler.invoke(ProxyDispatchAdapter.java:94)
	at com.sun.proxy.$Proxy2.processTestClass(Unknown Source)
	at org.gradle.api.internal.tasks.testing.worker.TestWorker.processTestClass(TestWorker.java:119)
	at java.base/jdk.internal.reflect.NativeMethodAccessorImpl.invoke0(Native Method)
	at java.base/jdk.internal.reflect.NativeMethodAccessorImpl.invoke(NativeMethodAccessorImpl.java:64)
	at java.base/jdk.internal.reflect.DelegatingMethodAccessorImpl.invoke(DelegatingMethodAccessorImpl.java:43)
	at java.base/java.lang.reflect.Method.invoke(Method.java:564)
	at org.gradle.internal.dispatch.ReflectionDispatch.dispatch(ReflectionDispatch.java:36)
	at org.gradle.internal.dispatch.ReflectionDispatch.dispatch(ReflectionDispatch.java:24)
	at org.gradle.internal.remote.internal.hub.MessageHubBackedObjectConnection$DispatchWrapper.dispatch(MessageHubBackedObjectConnection.java:182)
	at org.gradle.internal.remote.internal.hub.MessageHubBackedObjectConnection$DispatchWrapper.dispatch(MessageHubBackedObjectConnection.java:164)
	at org.gradle.internal.remote.internal.hub.MessageHub$Handler.run(MessageHub.java:414)
	at org.gradle.internal.concurrent.ExecutorPolicy$CatchAndRecordFailures.onExecute(ExecutorPolicy.java:64)
	at org.gradle.internal.concurrent.ManagedExecutorImpl$1.run(ManagedExecutorImpl.java:48)
	at java.base/java.util.concurrent.ThreadPoolExecutor.runWorker(ThreadPoolExecutor.java:1130)
	at java.base/java.util.concurrent.ThreadPoolExecutor$Worker.run(ThreadPoolExecutor.java:630)
	at org.gradle.internal.concurrent.ThreadFactoryImpl$ManagedThreadRunnable.run(ThreadFactoryImpl.java:56)
	at java.base/java.lang.Thread.run(Thread.java:832)
</failure>
  </testcase>
  <system-out><![CDATA[?[1;31m
Start test 1?[0m

  .   ____          _            __ _ _
 /\\ / ___'_ __ _ _(_)_ __  __ _ \ \ \ \
( ( )\___ | '_ | '_| | '_ \/ _` | \ \ \ \
 \\/  ___)| |_)| | | | | || (_| |  ) ) ) )
  '  |____| .__|_| |_|_| |_\__, | / / / /
 =========|_|==============|___/=/_/_/_/
 :: Spring Boot ::        (v2.3.3.RELEASE)

2021-01-23 20:59:07.604  INFO 16144 --- [    Test worker] platform.CodeSharingPlatform             : Starting CodeSharingPlatform on Cristina with PID 16144 (started by Cristina T in C:\Users\Cristina T\IdeaProjects\Code Sharing Platform\Code Sharing Platform\task)
2021-01-23 20:59:07.609  INFO 16144 --- [    Test worker] platform.CodeSharingPlatform             : No active profile set, falling back to default profiles: default
2021-01-23 20:59:09.640  INFO 16144 --- [    Test worker] o.s.b.w.embedded.tomcat.TomcatWebServer  : Tomcat initialized with port(s): 8889 (http)
2021-01-23 20:59:09.656  INFO 16144 --- [    Test worker] o.apache.catalina.core.StandardService   : Starting service [Tomcat]
2021-01-23 20:59:09.657  INFO 16144 --- [    Test worker] org.apache.catalina.core.StandardEngine  : Starting Servlet engine: [Apache Tomcat/9.0.37]
2021-01-23 20:59:09.827  INFO 16144 --- [    Test worker] o.a.c.c.C.[Tomcat].[localhost].[/]       : Initializing Spring embedded WebApplicationContext
2021-01-23 20:59:09.827  INFO 16144 --- [    Test worker] w.s.c.ServletWebServerApplicationContext : Root WebApplicationContext: initialization completed in 2149 ms
2021-01-23 20:59:10.471  INFO 16144 --- [    Test worker] o.s.s.concurrent.ThreadPoolTaskExecutor  : Initializing ExecutorService 'applicationTaskExecutor'
2021-01-23 20:59:11.145  INFO 16144 --- [    Test worker] o.s.b.a.e.web.EndpointLinksResolver      : Exposing 14 endpoint(s) beneath base path '/actuator'
2021-01-23 20:59:11.226  INFO 16144 --- [    Test worker] o.s.b.w.embedded.tomcat.TomcatWebServer  : Tomcat started on port(s): 8889 (http) with context path ''
2021-01-23 20:59:11.248  INFO 16144 --- [    Test worker] platform.CodeSharingPlatform             : Started CodeSharingPlatform in 4.221 seconds (JVM running for 5.536)
2021-01-23 20:59:12.137  INFO 16144 --- [nio-8889-exec-1] o.a.c.c.C.[Tomcat].[localhost].[/]       : Initializing Spring DispatcherServlet 'dispatcherServlet'
2021-01-23 20:59:12.137  INFO 16144 --- [nio-8889-exec-1] o.s.web.servlet.DispatcherServlet        : Initializing Servlet 'dispatcherServlet'
2021-01-23 20:59:12.148  INFO 16144 --- [nio-8889-exec-1] o.s.web.servlet.DispatcherServlet        : Completed initialization in 10 ms
2021-01-23 20:59:12.232 ERROR 16144 --- [nio-8889-exec-1] o.a.c.c.C.[.[.[/].[dispatcherServlet]    : Servlet.service() for servlet [dispatcherServlet] in context with path [] threw exception [Request processing failed; nested exception is java.lang.IndexOutOfBoundsException: Index -1 out of bounds for length 0] with root cause

java.lang.IndexOutOfBoundsException: Index -1 out of bounds for length 0
	at java.base/jdk.internal.util.Preconditions.outOfBounds(Preconditions.java:64) ~[na:na]
	at java.base/jdk.internal.util.Preconditions.outOfBoundsCheckIndex(Preconditions.java:70) ~[na:na]
	at java.base/jdk.internal.util.Preconditions.checkIndex(Preconditions.java:248) ~[na:na]
	at java.base/java.util.Objects.checkIndex(Objects.java:359) ~[na:na]
	at java.base/java.util.ArrayList.get(ArrayList.java:427) ~[na:na]
	at platform.CodeSharingPlatformController.getNewHTML(CodeSharingPlatformController.java:27) ~[main/:na]
	at java.base/jdk.internal.reflect.NativeMethodAccessorImpl.invoke0(Native Method) ~[na:na]
	at java.base/jdk.internal.reflect.NativeMethodAccessorImpl.invoke(NativeMethodAccessorImpl.java:64) ~[na:na]
	at java.base/jdk.internal.reflect.DelegatingMethodAccessorImpl.invoke(DelegatingMethodAccessorImpl.java:43) ~[na:na]
	at java.base/java.lang.reflect.Method.invoke(Method.java:564) ~[na:na]
	at org.springframework.web.method.support.InvocableHandlerMethod.doInvoke(InvocableHandlerMethod.java:190) ~[spring-web-5.2.8.RELEASE.jar:5.2.8.RELEASE]
	at org.springframework.web.method.support.InvocableHandlerMethod.invokeForRequest(InvocableHandlerMethod.java:138) ~[spring-web-5.2.8.RELEASE.jar:5.2.8.RELEASE]
	at org.springframework.web.servlet.mvc.method.annotation.ServletInvocableHandlerMethod.invokeAndHandle(ServletInvocableHandlerMethod.java:105) ~[spring-webmvc-5.2.8.RELEASE.jar:5.2.8.RELEASE]
	at org.springframework.web.servlet.mvc.method.annotation.RequestMappingHandlerAdapter.invokeHandlerMethod(RequestMappingHandlerAdapter.java:878) ~[spring-webmvc-5.2.8.RELEASE.jar:5.2.8.RELEASE]
	at org.springframework.web.servlet.mvc.method.annotation.RequestMappingHandlerAdapter.handleInternal(RequestMappingHandlerAdapter.java:792) ~[spring-webmvc-5.2.8.RELEASE.jar:5.2.8.RELEASE]
	at org.springframework.web.servlet.mvc.method.AbstractHandlerMethodAdapter.handle(AbstractHandlerMethodAdapter.java:87) ~[spring-webmvc-5.2.8.RELEASE.jar:5.2.8.RELEASE]
	at org.springframework.web.servlet.DispatcherServlet.doDispatch(DispatcherServlet.java:1040) ~[spring-webmvc-5.2.8.RELEASE.jar:5.2.8.RELEASE]
	at org.springframework.web.servlet.DispatcherServlet.doService(DispatcherServlet.java:943) ~[spring-webmvc-5.2.8.RELEASE.jar:5.2.8.RELEASE]
	at org.springframework.web.servlet.FrameworkServlet.processRequest(FrameworkServlet.java:1006) ~[spring-webmvc-5.2.8.RELEASE.jar:5.2.8.RELEASE]
	at org.springframework.web.servlet.FrameworkServlet.doGet(FrameworkServlet.java:898) ~[spring-webmvc-5.2.8.RELEASE.jar:5.2.8.RELEASE]
	at javax.servlet.http.HttpServlet.service(HttpServlet.java:626) ~[tomcat-embed-core-9.0.37.jar:4.0.FR]
	at org.springframework.web.servlet.FrameworkServlet.service(FrameworkServlet.java:883) ~[spring-webmvc-5.2.8.RELEASE.jar:5.2.8.RELEASE]
	at javax.servlet.http.HttpServlet.service(HttpServlet.java:733) ~[tomcat-embed-core-9.0.37.jar:4.0.FR]
	at java.base/jdk.internal.reflect.NativeMethodAccessorImpl.invoke0(Native Method) ~[na:na]
	at java.base/jdk.internal.reflect.NativeMethodAccessorImpl.invoke(NativeMethodAccessorImpl.java:64) ~[na:na]
	at java.base/jdk.internal.reflect.DelegatingMethodAccessorImpl.invoke(DelegatingMethodAccessorImpl.java:43) ~[na:na]
	at java.base/java.lang.reflect.Method.invoke(Method.java:564) ~[na:na]
	at org.apache.catalina.security.SecurityUtil$1.run(SecurityUtil.java:282) ~[tomcat-embed-core-9.0.37.jar:9.0.37]
	at org.apache.catalina.security.SecurityUtil$1.run(SecurityUtil.java:279) ~[tomcat-embed-core-9.0.37.jar:9.0.37]
	at java.base/java.security.AccessController.doPrivileged(AccessController.java:691) ~[na:na]
	at java.base/javax.security.auth.Subject.doAsPrivileged(Subject.java:552) ~[na:na]
	at org.apache.catalina.security.SecurityUtil.execute(SecurityUtil.java:314) ~[tomcat-embed-core-9.0.37.jar:9.0.37]
	at org.apache.catalina.security.SecurityUtil.doAsPrivilege(SecurityUtil.java:170) ~[tomcat-embed-core-9.0.37.jar:9.0.37]
	at org.apache.catalina.core.ApplicationFilterChain.internalDoFilter(ApplicationFilterChain.java:225) ~[tomcat-embed-core-9.0.37.jar:9.0.37]
	at org.apache.catalina.core.ApplicationFilterChain.access$000(ApplicationFilterChain.java:47) ~[tomcat-embed-core-9.0.37.jar:9.0.37]
	at org.apache.catalina.core.ApplicationFilterChain$1.run(ApplicationFilterChain.java:149) ~[tomcat-embed-core-9.0.37.jar:9.0.37]
	at org.apache.catalina.core.ApplicationFilterChain$1.run(ApplicationFilterChain.java:145) ~[tomcat-embed-core-9.0.37.jar:9.0.37]
	at java.base/java.security.AccessController.doPrivileged(AccessController.java:554) ~[na:na]
	at org.apache.catalina.core.ApplicationFilterChain.doFilter(ApplicationFilterChain.java:144) ~[tomcat-embed-core-9.0.37.jar:9.0.37]
	at org.apache.tomcat.websocket.server.WsFilter.doFilter(WsFilter.java:53) ~[tomcat-embed-websocket-9.0.37.jar:9.0.37]
	at java.base/jdk.internal.reflect.NativeMethodAccessorImpl.invoke0(Native Method) ~[na:na]
	at java.base/jdk.internal.reflect.NativeMethodAccessorImpl.invoke(NativeMethodAccessorImpl.java:64) ~[na:na]
	at java.base/jdk.internal.reflect.DelegatingMethodAccessorImpl.invoke(DelegatingMethodAccessorImpl.java:43) ~[na:na]
	at java.base/java.lang.reflect.Method.invoke(Method.java:564) ~[na:na]
	at org.apache.catalina.security.SecurityUtil$1.run(SecurityUtil.java:282) ~[tomcat-embed-core-9.0.37.jar:9.0.37]
	at org.apache.catalina.security.SecurityUtil$1.run(SecurityUtil.java:279) ~[tomcat-embed-core-9.0.37.jar:9.0.37]
	at java.base/java.security.AccessController.doPrivileged(AccessController.java:691) ~[na:na]
	at java.base/javax.security.auth.Subject.doAsPrivileged(Subject.java:552) ~[na:na]
	at org.apache.catalina.security.SecurityUtil.execute(SecurityUtil.java:314) ~[tomcat-embed-core-9.0.37.jar:9.0.37]
	at org.apache.catalina.security.SecurityUtil.doAsPrivilege(SecurityUtil.java:253) ~[tomcat-embed-core-9.0.37.jar:9.0.37]
	at org.apache.catalina.core.ApplicationFilterChain.internalDoFilter(ApplicationFilterChain.java:191) ~[tomcat-embed-core-9.0.37.jar:9.0.37]
	at org.apache.catalina.core.ApplicationFilterChain.access$000(ApplicationFilterChain.java:47) ~[tomcat-embed-core-9.0.37.jar:9.0.37]
	at org.apache.catalina.core.ApplicationFilterChain$1.run(ApplicationFilterChain.java:149) ~[tomcat-embed-core-9.0.37.jar:9.0.37]
	at org.apache.catalina.core.ApplicationFilterChain$1.run(ApplicationFilterChain.java:145) ~[tomcat-embed-core-9.0.37.jar:9.0.37]
	at java.base/java.security.AccessController.doPrivileged(AccessController.java:554) ~[na:na]
	at org.apache.catalina.core.ApplicationFilterChain.doFilter(ApplicationFilterChain.java:144) ~[tomcat-embed-core-9.0.37.jar:9.0.37]
	at org.springframework.web.filter.RequestContextFilter.doFilterInternal(RequestContextFilter.java:100) ~[spring-web-5.2.8.RELEASE.jar:5.2.8.RELEASE]
	at org.springframework.web.filter.OncePerRequestFilter.doFilter(OncePerRequestFilter.java:119) ~[spring-web-5.2.8.RELEASE.jar:5.2.8.RELEASE]
	at java.base/jdk.internal.reflect.NativeMethodAccessorImpl.invoke0(Native Method) ~[na:na]
	at java.base/jdk.internal.reflect.NativeMethodAccessorImpl.invoke(NativeMethodAccessorImpl.java:64) ~[na:na]
	at java.base/jdk.internal.reflect.DelegatingMethodAccessorImpl.invoke(DelegatingMethodAccessorImpl.java:43) ~[na:na]
	at java.base/java.lang.reflect.Method.invoke(Method.java:564) ~[na:na]
	at org.apache.catalina.security.SecurityUtil$1.run(SecurityUtil.java:282) ~[tomcat-embed-core-9.0.37.jar:9.0.37]
	at org.apache.catalina.security.SecurityUtil$1.run(SecurityUtil.java:279) ~[tomcat-embed-core-9.0.37.jar:9.0.37]
	at java.base/java.security.AccessController.doPrivileged(AccessController.java:691) ~[na:na]
	at java.base/javax.security.auth.Subject.doAsPrivileged(Subject.java:552) ~[na:na]
	at org.apache.catalina.security.SecurityUtil.execute(SecurityUtil.java:314) ~[tomcat-embed-core-9.0.37.jar:9.0.37]
	at org.apache.catalina.security.SecurityUtil.doAsPrivilege(SecurityUtil.java:253) ~[tomcat-embed-core-9.0.37.jar:9.0.37]
	at org.apache.catalina.core.ApplicationFilterChain.internalDoFilter(ApplicationFilterChain.java:191) ~[tomcat-embed-core-9.0.37.jar:9.0.37]
	at org.apache.catalina.core.ApplicationFilterChain.access$000(ApplicationFilterChain.java:47) ~[tomcat-embed-core-9.0.37.jar:9.0.37]
	at org.apache.catalina.core.ApplicationFilterChain$1.run(ApplicationFilterChain.java:149) ~[tomcat-embed-core-9.0.37.jar:9.0.37]
	at org.apache.catalina.core.ApplicationFilterChain$1.run(ApplicationFilterChain.java:145) ~[tomcat-embed-core-9.0.37.jar:9.0.37]
	at java.base/java.security.AccessController.doPrivileged(AccessController.java:554) ~[na:na]
	at org.apache.catalina.core.ApplicationFilterChain.doFilter(ApplicationFilterChain.java:144) ~[tomcat-embed-core-9.0.37.jar:9.0.37]
	at org.springframework.web.filter.FormContentFilter.doFilterInternal(FormContentFilter.java:93) ~[spring-web-5.2.8.RELEASE.jar:5.2.8.RELEASE]
	at org.springframework.web.filter.OncePerRequestFilter.doFilter(OncePerRequestFilter.java:119) ~[spring-web-5.2.8.RELEASE.jar:5.2.8.RELEASE]
	at java.base/jdk.internal.reflect.NativeMethodAccessorImpl.invoke0(Native Method) ~[na:na]
	at java.base/jdk.internal.reflect.NativeMethodAccessorImpl.invoke(NativeMethodAccessorImpl.java:64) ~[na:na]
	at java.base/jdk.internal.reflect.DelegatingMethodAccessorImpl.invoke(DelegatingMethodAccessorImpl.java:43) ~[na:na]
	at java.base/java.lang.reflect.Method.invoke(Method.java:564) ~[na:na]
	at org.apache.catalina.security.SecurityUtil$1.run(SecurityUtil.java:282) ~[tomcat-embed-core-9.0.37.jar:9.0.37]
	at org.apache.catalina.security.SecurityUtil$1.run(SecurityUtil.java:279) ~[tomcat-embed-core-9.0.37.jar:9.0.37]
	at java.base/java.security.AccessController.doPrivileged(AccessController.java:691) ~[na:na]
	at java.base/javax.security.auth.Subject.doAsPrivileged(Subject.java:552) ~[na:na]
	at org.apache.catalina.security.SecurityUtil.execute(SecurityUtil.java:314) ~[tomcat-embed-core-9.0.37.jar:9.0.37]
	at org.apache.catalina.security.SecurityUtil.doAsPrivilege(SecurityUtil.java:253) ~[tomcat-embed-core-9.0.37.jar:9.0.37]
	at org.apache.catalina.core.ApplicationFilterChain.internalDoFilter(ApplicationFilterChain.java:191) ~[tomcat-embed-core-9.0.37.jar:9.0.37]
	at org.apache.catalina.core.ApplicationFilterChain.access$000(ApplicationFilterChain.java:47) ~[tomcat-embed-core-9.0.37.jar:9.0.37]
	at org.apache.catalina.core.ApplicationFilterChain$1.run(ApplicationFilterChain.java:149) ~[tomcat-embed-core-9.0.37.jar:9.0.37]
	at org.apache.catalina.core.ApplicationFilterChain$1.run(ApplicationFilterChain.java:145) ~[tomcat-embed-core-9.0.37.jar:9.0.37]
	at java.base/java.security.AccessController.doPrivileged(AccessController.java:554) ~[na:na]
	at org.apache.catalina.core.ApplicationFilterChain.doFilter(ApplicationFilterChain.java:144) ~[tomcat-embed-core-9.0.37.jar:9.0.37]
	at org.springframework.boot.actuate.metrics.web.servlet.WebMvcMetricsFilter.doFilterInternal(WebMvcMetricsFilter.java:93) ~[spring-boot-actuator-2.3.3.RELEASE.jar:2.3.3.RELEASE]
	at org.springframework.web.filter.OncePerRequestFilter.doFilter(OncePerRequestFilter.java:119) ~[spring-web-5.2.8.RELEASE.jar:5.2.8.RELEASE]
	at java.base/jdk.internal.reflect.NativeMethodAccessorImpl.invoke0(Native Method) ~[na:na]
	at java.base/jdk.internal.reflect.NativeMethodAccessorImpl.invoke(NativeMethodAccessorImpl.java:64) ~[na:na]
	at java.base/jdk.internal.reflect.DelegatingMethodAccessorImpl.invoke(DelegatingMethodAccessorImpl.java:43) ~[na:na]
	at java.base/java.lang.reflect.Method.invoke(Method.java:564) ~[na:na]
	at org.apache.catalina.security.SecurityUtil$1.run(SecurityUtil.java:282) ~[tomcat-embed-core-9.0.37.jar:9.0.37]
	at org.apache.catalina.security.SecurityUtil$1.run(SecurityUtil.java:279) ~[tomcat-embed-core-9.0.37.jar:9.0.37]
	at java.base/java.security.AccessController.doPrivileged(AccessController.java:691) ~[na:na]
	at java.base/javax.security.auth.Subject.doAsPrivileged(Subject.java:552) ~[na:na]
	at org.apache.catalina.security.SecurityUtil.execute(SecurityUtil.java:314) ~[tomcat-embed-core-9.0.37.jar:9.0.37]
	at org.apache.catalina.security.SecurityUtil.doAsPrivilege(SecurityUtil.java:253) ~[tomcat-embed-core-9.0.37.jar:9.0.37]
	at org.apache.catalina.core.ApplicationFilterChain.internalDoFilter(ApplicationFilterChain.java:191) ~[tomcat-embed-core-9.0.37.jar:9.0.37]
	at org.apache.catalina.core.ApplicationFilterChain.access$000(ApplicationFilterChain.java:47) ~[tomcat-embed-core-9.0.37.jar:9.0.37]
	at org.apache.catalina.core.ApplicationFilterChain$1.run(ApplicationFilterChain.java:149) ~[tomcat-embed-core-9.0.37.jar:9.0.37]
	at org.apache.catalina.core.ApplicationFilterChain$1.run(ApplicationFilterChain.java:145) ~[tomcat-embed-core-9.0.37.jar:9.0.37]
	at java.base/java.security.AccessController.doPrivileged(AccessController.java:554) ~[na:na]
	at org.apache.catalina.core.ApplicationFilterChain.doFilter(ApplicationFilterChain.java:144) ~[tomcat-embed-core-9.0.37.jar:9.0.37]
	at org.springframework.web.filter.CharacterEncodingFilter.doFilterInternal(CharacterEncodingFilter.java:201) ~[spring-web-5.2.8.RELEASE.jar:5.2.8.RELEASE]
	at org.springframework.web.filter.OncePerRequestFilter.doFilter(OncePerRequestFilter.java:119) ~[spring-web-5.2.8.RELEASE.jar:5.2.8.RELEASE]
	at java.base/jdk.internal.reflect.NativeMethodAccessorImpl.invoke0(Native Method) ~[na:na]
	at java.base/jdk.internal.reflect.NativeMethodAccessorImpl.invoke(NativeMethodAccessorImpl.java:64) ~[na:na]
	at java.base/jdk.internal.reflect.DelegatingMethodAccessorImpl.invoke(DelegatingMethodAccessorImpl.java:43) ~[na:na]
	at java.base/java.lang.reflect.Method.invoke(Method.java:564) ~[na:na]
	at org.apache.catalina.security.SecurityUtil$1.run(SecurityUtil.java:282) ~[tomcat-embed-core-9.0.37.jar:9.0.37]
	at org.apache.catalina.security.SecurityUtil$1.run(SecurityUtil.java:279) ~[tomcat-embed-core-9.0.37.jar:9.0.37]
	at java.base/java.security.AccessController.doPrivileged(AccessController.java:691) ~[na:na]
	at java.base/javax.security.auth.Subject.doAsPrivileged(Subject.java:552) ~[na:na]
	at org.apache.catalina.security.SecurityUtil.execute(SecurityUtil.java:314) ~[tomcat-embed-core-9.0.37.jar:9.0.37]
	at org.apache.catalina.security.SecurityUtil.doAsPrivilege(SecurityUtil.java:253) ~[tomcat-embed-core-9.0.37.jar:9.0.37]
	at org.apache.catalina.core.ApplicationFilterChain.internalDoFilter(ApplicationFilterChain.java:191) ~[tomcat-embed-core-9.0.37.jar:9.0.37]
	at org.apache.catalina.core.ApplicationFilterChain.access$000(ApplicationFilterChain.java:47) ~[tomcat-embed-core-9.0.37.jar:9.0.37]
	at org.apache.catalina.core.ApplicationFilterChain$1.run(ApplicationFilterChain.java:149) ~[tomcat-embed-core-9.0.37.jar:9.0.37]
	at org.apache.catalina.core.ApplicationFilterChain$1.run(ApplicationFilterChain.java:145) ~[tomcat-embed-core-9.0.37.jar:9.0.37]
	at java.base/java.security.AccessController.doPrivileged(AccessController.java:554) ~[na:na]
	at org.apache.catalina.core.ApplicationFilterChain.doFilter(ApplicationFilterChain.java:144) ~[tomcat-embed-core-9.0.37.jar:9.0.37]
	at org.apache.catalina.core.StandardWrapperValve.invoke(StandardWrapperValve.java:202) ~[tomcat-embed-core-9.0.37.jar:9.0.37]
	at org.apache.catalina.core.StandardContextValve.invoke(StandardContextValve.java:96) ~[tomcat-embed-core-9.0.37.jar:9.0.37]
	at org.apache.catalina.authenticator.AuthenticatorBase.invoke(AuthenticatorBase.java:541) ~[tomcat-embed-core-9.0.37.jar:9.0.37]
	at org.apache.catalina.core.StandardHostValve.invoke(StandardHostValve.java:139) ~[tomcat-embed-core-9.0.37.jar:9.0.37]
	at org.apache.catalina.valves.ErrorReportValve.invoke(ErrorReportValve.java:92) ~[tomcat-embed-core-9.0.37.jar:9.0.37]
	at org.apache.catalina.core.StandardEngineValve.invoke(StandardEngineValve.java:74) ~[tomcat-embed-core-9.0.37.jar:9.0.37]
	at org.apache.catalina.connector.CoyoteAdapter.service(CoyoteAdapter.java:343) ~[tomcat-embed-core-9.0.37.jar:9.0.37]
	at org.apache.coyote.http11.Http11Processor.service(Http11Processor.java:373) ~[tomcat-embed-core-9.0.37.jar:9.0.37]
	at org.apache.coyote.AbstractProcessorLight.process(AbstractProcessorLight.java:65) ~[tomcat-embed-core-9.0.37.jar:9.0.37]
	at org.apache.coyote.AbstractProtocol$ConnectionHandler.process(AbstractProtocol.java:868) ~[tomcat-embed-core-9.0.37.jar:9.0.37]
	at org.apache.tomcat.util.net.NioEndpoint$SocketProcessor.doRun(NioEndpoint.java:1589) ~[tomcat-embed-core-9.0.37.jar:9.0.37]
	at org.apache.tomcat.util.net.SocketProcessorBase.run(SocketProcessorBase.java:49) ~[tomcat-embed-core-9.0.37.jar:9.0.37]
	at java.base/java.util.concurrent.ThreadPoolExecutor.runWorker(ThreadPoolExecutor.java:1130) ~[na:na]
	at java.base/java.util.concurrent.ThreadPoolExecutor$Worker.run(ThreadPoolExecutor.java:630) ~[na:na]
	at org.apache.tomcat.util.threads.TaskThread$WrappingRunnable.run(TaskThread.java:61) ~[tomcat-embed-core-9.0.37.jar:9.0.37]
	at java.base/java.lang.Thread.run(Thread.java:832) ~[na:na]

]]></system-out>
  <system-err><![CDATA[]]></system-err>
</testsuite>
